<?xml version="1.0" encoding="UTF-8"?>
<!-- Generated by org.testng.reporters.JUnitReportReporter -->
<testsuite hostname="Andreias-MacBook-Pro.local" failures="0" tests="2" name="com.example.screenplay.tests.NavigateToSiteTest" time="15.113" errors="0" timestamp="2025-05-14T19:37:11 BRT" skipped="0">
  <testcase classname="com.example.screenplay.tests.NavigateToSiteTest" name="userCanNavigateToAutomationTestStore" time="7.951"/>
  <system-out/>
  <testcase classname="com.example.screenplay.tests.NavigateToSiteTest" name="userCanNavigateToAutomationTestStoreAndSelectMakeup" time="7.162"/>
  <system-out/>
</testsuite> <!-- com.example.screenplay.tests.NavigateToSiteTest -->
